2021-06-23 20:12:53.271  INFO 9428 --- [restartedMain] b.c.e.l.LivrariaApiApplication           : Starting LivrariaApiApplication using Java 15.0.2 on noteRamiro with PID 9428 (C:\ProjetosJava\workspace_springboot_estudos\livraria-api\target\classes started by euram in C:\ProjetosJava\workspace_springboot_estudos\livraria-api)
2021-06-23 20:12:53.271  INFO 9428 --- [restartedMain] b.c.e.l.LivrariaApiApplication           : The following profiles are active: test
2021-06-23 20:12:54.057  INFO 9428 --- [restartedMain] .s.d.r.c.RepositoryConfigurationDelegate : Bootstrapping Spring Data JPA repositories in DEFAULT mode.
2021-06-23 20:12:54.112  INFO 9428 --- [restartedMain] .s.d.r.c.RepositoryConfigurationDelegate : Finished Spring Data repository scanning in 54 ms. Found 2 JPA repository interfaces.
2021-06-23 20:12:54.403  INFO 9428 --- [restartedMain] o.s.b.w.embedded.tomcat.TomcatWebServer  : Tomcat initialized with port(s): 8080 (http)
2021-06-23 20:12:54.405  INFO 9428 --- [restartedMain] o.apache.catalina.core.StandardService   : Starting service [Tomcat]
2021-06-23 20:12:54.405  INFO 9428 --- [restartedMain] org.apache.catalina.core.StandardEngine  : Starting Servlet engine: [Apache Tomcat/9.0.46]
2021-06-23 20:12:54.473  INFO 9428 --- [restartedMain] o.a.c.c.C.[Tomcat].[localhost].[/]       : Initializing Spring embedded WebApplicationContext
2021-06-23 20:12:54.474  INFO 9428 --- [restartedMain] w.s.c.ServletWebServerApplicationContext : Root WebApplicationContext: initialization completed in 1196 ms
2021-06-23 20:12:54.542  INFO 9428 --- [restartedMain] com.zaxxer.hikari.HikariDataSource       : HikariPool-2 - Starting...
2021-06-23 20:12:54.549  INFO 9428 --- [restartedMain] com.zaxxer.hikari.HikariDataSource       : HikariPool-2 - Start completed.
2021-06-23 20:12:54.549  INFO 9428 --- [restartedMain] o.s.b.a.h2.H2ConsoleAutoConfiguration    : H2 console available at '/h2-console'. Database available at 'jdbc:h2:mem:testdb'
2021-06-23 20:12:54.644  INFO 9428 --- [restartedMain] o.hibernate.jpa.internal.util.LogHelper  : HHH000204: Processing PersistenceUnitInfo [name: default]
2021-06-23 20:12:54.664  INFO 9428 --- [restartedMain] org.hibernate.dialect.Dialect            : HHH000400: Using dialect: org.hibernate.dialect.H2Dialect
2021-06-23 20:12:54.858  INFO 9428 --- [restartedMain] o.h.e.t.j.p.i.JtaPlatformInitiator       : HHH000490: Using JtaPlatform implementation: [org.hibernate.engine.transaction.jta.platform.internal.NoJtaPlatform]
2021-06-23 20:12:54.859  INFO 9428 --- [restartedMain] j.LocalContainerEntityManagerFactoryBean : Initialized JPA EntityManagerFactory for persistence unit 'default'
2021-06-23 20:12:54.891  INFO 9428 --- [restartedMain] o.s.b.d.a.OptionalLiveReloadServer       : LiveReload server is running on port 35729
2021-06-23 20:12:55.281  WARN 9428 --- [restartedMain] JpaBaseConfiguration$JpaWebConfiguration : spring.jpa.open-in-view is enabled by default. Therefore, database queries may be performed during view rendering. Explicitly configure spring.jpa.open-in-view to disable this warning
2021-06-23 20:12:56.323  INFO 9428 --- [restartedMain] o.s.b.a.e.web.EndpointLinksResolver      : Exposing 14 endpoint(s) beneath base path '/actuator'
2021-06-23 20:12:56.372  INFO 9428 --- [restartedMain] o.s.b.w.embedded.tomcat.TomcatWebServer  : Tomcat started on port(s): 8080 (http) with context path ''
2021-06-23 20:12:56.398  INFO 9428 --- [restartedMain] b.c.e.l.LivrariaApiApplication           : Started LivrariaApiApplication in 3.282 seconds (JVM running for 133.033)
2021-06-23 20:12:56.412  INFO 9428 --- [restartedMain] .ConditionEvaluationDeltaLoggingListener : Condition evaluation delta:


==========================
CONDITION EVALUATION DELTA
==========================


Positive matches:
-----------------

   LogFileWebEndpointAutoConfiguration#logFileWebEndpoint matched:
      - Log File found logging.file.name livrariaapi.log (LogFileWebEndpointAutoConfiguration.LogFileCondition)
      - @ConditionalOnMissingBean (types: org.springframework.boot.actuate.logging.LogFileWebEndpoint; SearchStrategy: all) did not find any beans (OnBeanCondition)


Negative matches:
-----------------

    None


Exclusions:
-----------

    None


Unconditional classes:
----------------------

    None



2021-06-23 20:13:20.316  INFO 9428 --- [http-nio-8080-exec-1] o.a.c.c.C.[Tomcat].[localhost].[/]       : Initializing Spring DispatcherServlet 'dispatcherServlet'
2021-06-23 20:13:20.317  INFO 9428 --- [http-nio-8080-exec-1] o.s.web.servlet.DispatcherServlet        : Initializing Servlet 'dispatcherServlet'
2021-06-23 20:13:20.318  INFO 9428 --- [http-nio-8080-exec-1] o.s.web.servlet.DispatcherServlet        : Completed initialization in 1 ms
